Oct 30, 2025 4:31:02 PM Main main
INFO: Starting RealEstate application...
Oct 30, 2025 4:31:02 PM Main main
INFO: Loaded RealEstate: Budapest
Oct 30, 2025 4:31:02 PM Main main
INFO: Loaded RealEstate: Debrecen
Oct 30, 2025 4:31:02 PM Main main
INFO: Loaded RealEstate: Nyíregyháza
Oct 30, 2025 4:31:02 PM Main main
INFO: Loaded RealEstate: Nyíregyháza
Oct 30, 2025 4:31:02 PM Main main
INFO: Loaded RealEstate: Kisvárda
Oct 30, 2025 4:31:02 PM Main main
INFO: Loaded RealEstate: Nyíregyháza
Oct 30, 2025 4:31:02 PM Main main
INFO: Loaded Panel: Budapest
Oct 30, 2025 4:31:02 PM Main main
INFO: Loaded Panel: Debrecen
Oct 30, 2025 4:31:02 PM Main main
INFO: Loaded Panel: Tiszaújváros
Oct 30, 2025 4:31:02 PM Main main
INFO: Loaded Panel: Nyíregyháza
Oct 30, 2025 4:31:02 PM Main main
INFO: Successfully loaded 10 properties.
Oct 30, 2025 4:31:02 PM Main main
INFO: Application finished successfully.
